<?xml version="1.0" encoding="UTF-8"?>
<testsuite name="GagaDrawerTest" tests="3" skipped="0" failures="0" errors="0" timestamp="2019-10-16T03:34:55" hostname="patrickdeMacBook-Pro.local" time="0.001">
  <properties/>
  <testcase name="drawerHandleRequirement" classname="GagaDrawerTest" time="0.0"/>
  <testcase name="doorHandleRequirement" classname="GagaDrawerTest" time="0.0"/>
  <testcase name="doorDrawerColorGeneration" classname="GagaDrawerTest" time="0.0"/>
  <system-out><![CDATA[]]></system-out>
  <system-err><![CDATA[]]></system-err>
</testsuite>
