<?xml version="1.0" encoding="UTF-8"?>
<testsuite name="AtreidesTest" tests="3" skipped="0" failures="0" errors="0" timestamp="2019-10-16T03:34:55" hostname="patrickdeMacBook-Pro.local" time="0.007">
  <properties/>
  <testcase name="railSuggestion" classname="AtreidesTest" time="0.003"/>
  <testcase name="feetSuggestion" classname="AtreidesTest" time="0.0"/>
  <testcase name="colorGeneration" classname="AtreidesTest" time="0.003"/>
  <system-out><![CDATA[]]></system-out>
  <system-err><![CDATA[]]></system-err>
</testsuite>
