<?xml version="1.0" encoding="UTF-8"?>
<testsuite name="ConcurrentDataBucketTest" tests="3" skipped="0" failures="0" errors="0" timestamp="2019-11-11T19:19:24" hostname="patrickdeMacBook-Pro.local" time="0.001">
  <properties/>
  <testcase name="getCoursePresentationLengthPair" classname="ConcurrentDataBucketTest" time="0.0"/>
  <testcase name="getMap" classname="ConcurrentDataBucketTest" time="0.0"/>
  <testcase name="getDateAssessmentTypePair" classname="ConcurrentDataBucketTest" time="0.0"/>
  <system-out><![CDATA[]]></system-out>
  <system-err><![CDATA[]]></system-err>
</testsuite>
