<?xml version="1.0" encoding="UTF-8"?>
<testsuite name="CompleteSignalTest" tests="2" skipped="0" failures="0" errors="0" timestamp="2019-11-11T19:19:24" hostname="patrickdeMacBook-Pro.local" time="0.002">
  <properties/>
  <testcase name="getCompleted" classname="CompleteSignalTest" time="0.001"/>
  <testcase name="setCompleted" classname="CompleteSignalTest" time="0.0"/>
  <system-out><![CDATA[]]></system-out>
  <system-err><![CDATA[]]></system-err>
</testsuite>
