<?xml version="1.0" encoding="UTF-8"?>
<testsuite name="sequentialSolution.ProcessorTest" tests="1" skipped="0" failures="0" errors="0" timestamp="2019-11-04T22:23:27" hostname="patrickdeMacBook-Pro.local" time="0.032">
  <properties/>
  <testcase name="processor" classname="sequentialSolution.ProcessorTest" time="0.032"/>
  <system-out><![CDATA[]]></system-out>
  <system-err><![CDATA[]]></system-err>
</testsuite>
