<?xml version="1.0" encoding="UTF-8"?>
<testsuite name="concurrentSolution.CompleteSignalTest" tests="2" skipped="0" failures="0" errors="0" timestamp="2019-11-04T22:23:27" hostname="patrickdeMacBook-Pro.local" time="0.001">
  <properties/>
  <testcase name="getCompleted" classname="concurrentSolution.CompleteSignalTest" time="0.0"/>
  <testcase name="setCompleted" classname="concurrentSolution.CompleteSignalTest" time="0.0"/>
  <system-out><![CDATA[]]></system-out>
  <system-err><![CDATA[]]></system-err>
</testsuite>
