<?xml version="1.0" encoding="UTF-8"?>
<testsuite name="InnerDataTest" tests="1" skipped="0" failures="0" errors="0" timestamp="2019-12-03T00:35:04" hostname="patrickdeMacBook-Pro.local" time="0.001">
  <properties/>
  <testcase name="getData" classname="InnerDataTest" time="0.001"/>
  <system-out><![CDATA[]]></system-out>
  <system-err><![CDATA[]]></system-err>
</testsuite>
