<?xml version="1.0" encoding="UTF-8"?>
<testsuite name="mainTest" tests="1" skipped="0" failures="0" errors="0" timestamp="2019-12-03T00:35:04" hostname="patrickdeMacBook-Pro.local" time="0.319">
  <properties/>
  <testcase name="main" classname="mainTest" time="0.319"/>
  <system-out><![CDATA[Current GRAMMAR folder: /Users/yihaoli/Downloads/group_yihaoli2_karlie/group_yihaoli2_karlie/Assignment7/grammars/
Loading grammars...
Opening: /Users/yihaoli/Downloads/group_yihaoli2_karlie/group_yihaoli2_karlie/Assignment7/grammars/insult_grammar.json
Opening: /Users/yihaoli/Downloads/group_yihaoli2_karlie/group_yihaoli2_karlie/Assignment7/grammars/poem.json
The following grammars are available:
1. Insult Generator ( A grammar that generates insult sentence. )
2. Poem Generator ( A grammar that generates poems. )

With the fury of Alah's fist , may a ravaging Rush Limbaugh vomit in your mother's bed .

Would you like another? (y/n)
The following grammars are available:
1. Insult Generator ( A grammar that generates insult sentence. )
2. Poem Generator ( A grammar that generates poems. )
]]></system-out>
  <system-err><![CDATA[]]></system-err>
</testsuite>
