<?xml version="1.0" encoding="UTF-8"?>
<testsuite name="GrammarTest" tests="7" skipped="0" failures="0" errors="0" timestamp="2019-12-03T00:35:05" hostname="patrickdeMacBook-Pro.local" time="0.004">
  <properties/>
  <testcase name="getGrammarTitle" classname="GrammarTest" time="0.0"/>
  <testcase name="setGrammarDesc" classname="GrammarTest" time="0.0"/>
  <testcase name="setGrammarTitle" classname="GrammarTest" time="0.0"/>
  <testcase name="getEntries" classname="GrammarTest" time="0.002"/>
  <testcase name="getInnerDataMap" classname="GrammarTest" time="0.0"/>
  <testcase name="getGrammarDesc" classname="GrammarTest" time="0.0"/>
  <testcase name="setEntries" classname="GrammarTest" time="0.0"/>
  <system-out><![CDATA[]]></system-out>
  <system-err><![CDATA[]]></system-err>
</testsuite>
