<?xml version="1.0" encoding="UTF-8"?>
<testsuite name="assignment3.PosnTest" tests="5" skipped="0" failures="0" errors="0" timestamp="2019-10-05T01:48:54" hostname="patrickdeMacBook-Pro.local" time="0.003">
  <properties/>
  <testcase name="testToString" classname="assignment3.PosnTest" time="0.0"/>
  <testcase name="getX" classname="assignment3.PosnTest" time="0.0"/>
  <testcase name="getY" classname="assignment3.PosnTest" time="0.0"/>
  <testcase name="testHashCode" classname="assignment3.PosnTest" time="0.001"/>
  <testcase name="testEquals" classname="assignment3.PosnTest" time="0.001"/>
  <system-out><![CDATA[]]></system-out>
  <system-err><![CDATA[]]></system-err>
</testsuite>
