<?xml version="1.0" encoding="UTF-8"?>
<testsuite name="assignment1.AthleteTest" tests="7" skipped="0" failures="0" errors="0" timestamp="2019-10-05T01:48:54" hostname="patrickdeMacBook-Pro.local" time="0.003">
  <properties/>
  <testcase name="testToString" classname="assignment1.AthleteTest" time="0.002"/>
  <testcase name="getHeight" classname="assignment1.AthleteTest" time="0.0"/>
  <testcase name="getLeague" classname="assignment1.AthleteTest" time="0.0"/>
  <testcase name="testHashCode" classname="assignment1.AthleteTest" time="0.001"/>
  <testcase name="getAthletesName" classname="assignment1.AthleteTest" time="0.0"/>
  <testcase name="getWeight" classname="assignment1.AthleteTest" time="0.0"/>
  <testcase name="testEquals" classname="assignment1.AthleteTest" time="0.0"/>
  <system-out><![CDATA[]]></system-out>
  <system-err><![CDATA[]]></system-err>
</testsuite>
