<?xml version="1.0" encoding="UTF-8"?>
<testsuite name="assignment1.BaseballPlayerTest" tests="9" skipped="0" failures="0" errors="0" timestamp="2019-10-05T01:48:54" hostname="patrickdeMacBook-Pro.local" time="0.002">
  <properties/>
  <testcase name="getSeasonHomeRun" classname="assignment1.BaseballPlayerTest" time="0.001"/>
  <testcase name="testToString" classname="assignment1.BaseballPlayerTest" time="0.0"/>
  <testcase name="getTeam" classname="assignment1.BaseballPlayerTest" time="0.0"/>
  <testcase name="setAverageBatting" classname="assignment1.BaseballPlayerTest" time="0.0"/>
  <testcase name="testHashCode" classname="assignment1.BaseballPlayerTest" time="0.0"/>
  <testcase name="setSeasonHomeRun" classname="assignment1.BaseballPlayerTest" time="0.0"/>
  <testcase name="getAverageBatting" classname="assignment1.BaseballPlayerTest" time="0.0"/>
  <testcase name="testEquals" classname="assignment1.BaseballPlayerTest" time="0.0"/>
  <testcase name="setTeam" classname="assignment1.BaseballPlayerTest" time="0.0"/>
  <system-out><![CDATA[]]></system-out>
  <system-err><![CDATA[]]></system-err>
</testsuite>
