<?xml version="1.0" encoding="UTF-8"?>
<testsuite name="VenueTest" tests="5" skipped="0" failures="0" errors="0" timestamp="2019-10-22T22:06:04" hostname="patrickdeMacBook-Pro.local" time="0.004">
  <properties/>
  <testcase name="getNumSectionCol" classname="VenueTest" time="0.001"/>
  <testcase name="getNumSectionRow" classname="VenueTest" time="0.0"/>
  <testcase name="getSections" classname="VenueTest" time="0.001"/>
  <testcase name="compromisedSeatArrangement" classname="VenueTest" time="0.0"/>
  <testcase name="remainSeatOverAll" classname="VenueTest" time="0.001"/>
  <system-out><![CDATA[]]></system-out>
  <system-err><![CDATA[]]></system-err>
</testsuite>
