<?xml version="1.0" encoding="UTF-8"?>
<testsuite name="RequestTest" tests="6" skipped="0" failures="0" errors="0" timestamp="2019-10-22T22:06:04" hostname="patrickdeMacBook-Pro.local" time="0.004">
  <properties/>
  <testcase name="getNumWheelAccessibilitySeats" classname="RequestTest" time="0.001"/>
  <testcase name="getIndividualAttendee" classname="RequestTest" time="0.0"/>
  <testcase name="getContactPersonUserName" classname="RequestTest" time="0.0"/>
  <testcase name="getRequestType" classname="RequestTest" time="0.0"/>
  <testcase name="getNumRegularSeats" classname="RequestTest" time="0.0"/>
  <testcase name="getGroup" classname="RequestTest" time="0.001"/>
  <system-out><![CDATA[]]></system-out>
  <system-err><![CDATA[]]></system-err>
</testsuite>
