<?xml version="1.0" encoding="UTF-8"?>
<testsuite name="PersonTest" tests="2" skipped="0" failures="0" errors="0" timestamp="2019-10-22T22:06:04" hostname="patrickdeMacBook-Pro.local" time="0.001">
  <properties/>
  <testcase name="getWheelChairAccessibility" classname="PersonTest" time="0.0"/>
  <testcase name="getUserName" classname="PersonTest" time="0.0"/>
  <system-out><![CDATA[]]></system-out>
  <system-err><![CDATA[]]></system-err>
</testsuite>
