<?xml version="1.0" encoding="UTF-8"?>
<testsuite name="GroupTest" tests="4" skipped="0" failures="0" errors="0" timestamp="2019-10-22T22:06:04" hostname="patrickdeMacBook-Pro.local" time="0.002">
  <properties/>
  <testcase name="setGroupLeader" classname="GroupTest" time="0.0"/>
  <testcase name="getGroupName" classname="GroupTest" time="0.0"/>
  <testcase name="getGroupLeader" classname="GroupTest" time="0.0"/>
  <testcase name="setGroupName" classname="GroupTest" time="0.0"/>
  <system-out><![CDATA[]]></system-out>
  <system-err><![CDATA[]]></system-err>
</testsuite>
