<?xml version="1.0" encoding="UTF-8"?>
<testsuite name="TXTFileReaderTest" tests="1" skipped="0" failures="0" errors="0" timestamp="2019-10-07T20:52:56" hostname="patrickdeMacBook-Pro.local" time="0.001">
  <properties/>
  <testcase name="readTemplateAndStore" classname="TXTFileReaderTest" time="0.001"/>
  <system-out><![CDATA[]]></system-out>
  <system-err><![CDATA[]]></system-err>
</testsuite>
