<?xml version="1.0" encoding="UTF-8"?>
<testsuite name="GenerateFilesTest" tests="1" skipped="0" failures="0" errors="0" timestamp="2019-10-07T20:52:55" hostname="patrickdeMacBook-Pro.local" time="0.402">
  <properties/>
  <testcase name="generateResults" classname="GenerateFilesTest" time="0.402"/>
  <system-out><![CDATA[]]></system-out>
  <system-err><![CDATA[]]></system-err>
</testsuite>
